TN:
SF:script/CreatePool.s.sol
DA:37,0
FN:37,CreatePool.run
FNDA:0,CreatePool.run
DA:38,0
DA:39,0
DA:41,0
DA:42,0
DA:44,0
DA:45,0
DA:47,0
DA:48,0
DA:50,0
DA:52,0
DA:54,0
DA:55,0
DA:56,0
DA:57,0
DA:58,0
DA:59,0
DA:60,0
DA:61,0
DA:62,0
DA:63,0
DA:64,0
DA:65,0
DA:67,0
DA:72,0
DA:77,0
DA:79,0
DA:87,0
DA:89,0
DA:91,0
DA:92,0
DA:93,0
DA:94,0
DA:95,0
DA:96,0
DA:97,0
FNF:1
FNH:0
LF:36
LH:0
BRF:0
BRH:0
end_of_record
TN:
SF:script/Deploy.s.sol
DA:35,0
FN:35,Deploy.run
FNDA:0,Deploy.run
DA:36,0
DA:37,0
DA:38,0
DA:40,0
DA:41,0
DA:43,0
DA:44,0
DA:45,0
DA:46,0
DA:48,0
DA:50,0
DA:51,0
DA:52,0
DA:53,0
DA:54,0
DA:55,0
DA:56,0
DA:57,0
DA:58,0
DA:60,0
DA:63,0
DA:64,0
DA:67,0
DA:78,0
DA:79,0
DA:80,0
DA:82,0
DA:84,0
DA:85,0
DA:86,0
DA:87,0
DA:88,0
FNF:1
FNH:0
LF:33
LH:0
BRF:0
BRH:0
end_of_record
TN:
SF:script/SetPoolFees.s.sol
DA:25,0
FN:25,SetPoolFees.run
FNDA:0,SetPoolFees.run
DA:26,0
DA:27,0
DA:28,0
DA:29,0
DA:30,0
DA:32,0
DA:35,0
DA:36,0
DA:38,0
DA:39,0
DA:40,0
DA:41,0
DA:42,0
DA:43,0
DA:44,0
DA:45,0
DA:46,0
DA:47,0
DA:48,0
DA:49,0
DA:50,0
DA:52,0
DA:53,0
DA:54,0
DA:56,0
FNF:1
FNH:0
LF:26
LH:0
BRF:0
BRH:0
end_of_record
TN:
SF:script/WithdrawFees.s.sol
DA:25,0
FN:25,WithdrawFees.run
FNDA:0,WithdrawFees.run
DA:26,0
DA:27,0
DA:28,0
DA:29,0
DA:30,0
DA:32,0
DA:34,0
DA:36,0
DA:37,0
DA:38,0
DA:39,0
DA:40,0
DA:41,0
DA:43,0
BRDA:43,0,0,-
DA:44,0
DA:45,0
DA:48,0
DA:49,0
DA:50,0
DA:52,0
FNF:1
FNH:0
LF:21
LH:0
BRF:1
BRH:0
end_of_record
TN:
SF:script/integration_tests/DeployMockPoly.s.sol
DA:10,0
FN:10,MockPolymarket.mint
FNDA:0,MockPolymarket.mint
DA:11,0
DA:16,0
FN:16,DeployMockPolymarket.run
FNDA:0,DeployMockPolymarket.run
DA:17,0
DA:18,0
DA:19,0
DA:20,0
FNF:2
FNH:0
LF:7
LH:0
BRF:0
BRH:0
end_of_record
TN:
SF:script/integration_tests/Deposit.s.sol
DA:32,0
FN:32,Deposit.run
FNDA:0,Deposit.run
DA:33,0
DA:34,0
DA:35,0
DA:36,0
DA:37,0
DA:38,0
DA:40,0
DA:41,0
DA:42,0
DA:43,0
DA:46,0
DA:47,0
DA:48,0
DA:49,0
DA:50,0
DA:52,0
DA:53,0
DA:54,0
DA:56,0
DA:57,0
DA:58,0
DA:59,0
DA:60,0
DA:61,0
DA:62,0
DA:63,0
DA:64,0
DA:65,0
DA:66,0
DA:67,0
DA:68,0
DA:69,0
DA:70,0
DA:72,0
BRDA:72,0,0,-
BRDA:72,0,1,-
DA:74,0
DA:76,0
BRDA:76,1,0,-
DA:77,0
DA:78,0
DA:81,0
DA:83,0
DA:85,0
DA:87,0
DA:88,0
DA:89,0
DA:90,0
DA:91,0
DA:92,0
DA:93,0
FNF:1
FNH:0
LF:49
LH:0
BRF:3
BRH:0
end_of_record
TN:
SF:script/integration_tests/MintMock.s.sol
DA:11,0
FN:11,MintMock.run
FNDA:0,MintMock.run
DA:12,0
DA:13,0
DA:14,0
DA:17,0
DA:18,0
DA:20,0
DA:21,0
DA:22,0
DA:24,0
DA:25,0
DA:26,0
FNF:1
FNH:0
LF:12
LH:0
BRF:0
BRH:0
end_of_record
TN:
SF:script/integration_tests/Swap.s.sol
DA:27,0
FN:27,Swap.run
FNDA:0,Swap.run
DA:28,0
DA:29,0
DA:30,0
DA:31,0
DA:32,0
DA:33,0
DA:35,0
DA:36,0
DA:37,0
DA:38,0
DA:41,0
DA:42,0
DA:43,0
DA:44,0
DA:45,0
DA:47,0
DA:48,0
DA:51,0
DA:52,0
DA:54,0
DA:55,0
DA:57,0
DA:59,0
DA:60,0
DA:61,0
DA:62,0
DA:63,0
DA:64,0
DA:65,0
DA:66,0
DA:67,0
DA:68,0
DA:69,0
DA:70,0
DA:71,0
DA:72,0
DA:74,0
BRDA:74,0,0,-
BRDA:74,0,1,-
DA:75,0
BRDA:75,1,0,-
BRDA:75,1,1,-
DA:77,0
DA:79,0
BRDA:79,2,0,-
DA:80,0
DA:81,0
DA:84,0
DA:86,0
DA:88,0
DA:89,0
DA:90,0
DA:91,0
DA:92,0
FNF:1
FNH:0
LF:50
LH:0
BRF:5
BRH:0
end_of_record
TN:
SF:script/integration_tests/Withdraw.s.sol
DA:38,0
FN:38,Withdraw.run
FNDA:0,Withdraw.run
DA:39,0
DA:40,0
DA:41,0
DA:42,0
DA:43,0
DA:44,0
DA:45,0
DA:47,0
DA:48,0
DA:49,0
DA:50,0
DA:51,0
DA:53,0
DA:54,0
DA:55,0
DA:57,0
BRDA:57,0,0,-
DA:58,0
BRDA:58,1,0,-
BRDA:58,1,1,-
DA:60,0
DA:61,0
DA:62,0
DA:63,0
DA:64,0
DA:65,0
DA:66,0
DA:67,0
DA:68,0
DA:69,0
DA:70,0
DA:71,0
DA:72,0
DA:73,0
DA:74,0
DA:76,0
DA:78,0
BRDA:78,2,0,-
BRDA:78,2,1,-
DA:79,0
DA:80,0
DA:81,0
DA:82,0
DA:84,0
DA:85,0
DA:86,0
DA:87,0
DA:88,0
DA:91,0
DA:93,0
DA:94,0
DA:95,0
DA:96,0
FNF:1
FNH:0
LF:49
LH:0
BRF:5
BRH:0
end_of_record
TN:
SF:src/FeeCollector.sol
DA:33,27960
FN:33,FeeCollector.recordFee
FNDA:27960,FeeCollector.recordFee
DA:34,27960
BRDA:34,0,0,0
DA:35,27960
DA:40,2
FN:40,FeeCollector.withdraw
FNDA:2,FeeCollector.withdraw
DA:41,2
BRDA:41,1,0,0
DA:42,2
BRDA:42,2,0,0
DA:43,2
DA:44,2
DA:47,0
FN:47,FeeCollector.withdrawBatch
FNDA:0,FeeCollector.withdrawBatch
DA:53,0
BRDA:53,3,0,-
DA:54,0
DA:55,0
BRDA:55,4,0,-
DA:56,0
DA:58,0
DA:62,2
FN:62,FeeCollector.withdrawAll
FNDA:2,FeeCollector.withdrawAll
DA:63,2
BRDA:63,5,0,0
DA:64,2
DA:65,2
BRDA:65,6,0,0
DA:66,2
DA:67,2
DA:72,0
FN:72,FeeCollector.withdrawAllBatch
FNDA:0,FeeCollector.withdrawAllBatch
DA:73,0
BRDA:73,7,0,-
DA:74,0
DA:75,0
DA:76,0
DA:77,0
BRDA:77,8,0,-
DA:78,0
DA:80,0
FNF:5
FNH:3
LF:28
LH:14
BRF:9
BRH:0
end_of_record
TN:
SF:src/LPToken.sol
DA:83,47681
FN:83,LPToken.onlyPool
FNDA:47681,LPToken.onlyPool
DA:84,47681
BRDA:84,0,0,0
DA:88,166
FN:88,LPToken.constructor
FNDA:166,LPToken.constructor
DA:89,166
BRDA:89,1,0,0
DA:90,166
DA:91,166
DA:97,168
FN:97,LPToken.registerPool
FNDA:168,LPToken.registerPool
DA:98,168
BRDA:98,2,0,0
DA:99,168
BRDA:99,3,0,0
DA:100,168
BRDA:100,4,0,0
DA:101,168
BRDA:101,5,0,0
DA:102,168
DA:103,168
DA:106,47681
FN:106,LPToken.mint
FNDA:47681,LPToken.mint
DA:107,47681
DA:108,47681
DA:111,17957
FN:111,LPToken.burn
FNDA:17957,LPToken.burn
DA:112,17957
DA:113,17957
DA:119,12902
FN:119,LPToken.lockedAmount
FNDA:12902,LPToken.lockedAmount
DA:120,12902
DA:121,12902
BRDA:121,6,0,6846
DA:122,6846
DA:124,6056
DA:128,2005
FN:128,LPToken.isLocked
FNDA:2005,LPToken.isLocked
DA:129,2005
DA:130,2005
DA:135,66643
FN:135,LPToken._update
FNDA:66643,LPToken._update
DA:141,66643
DA:143,66643
DA:144,66643
DA:145,66643
DA:146,66643
BRDA:146,7,0,0
DA:149,66643
BRDA:149,8,0,18962
DA:150,18962
DA:151,18962
BRDA:151,9,0,17450
DA:152,17450
BRDA:152,10,0,6762
BRDA:152,10,1,5872
DA:153,6762
DA:154,6762
DA:156,10688
DA:157,10688
DA:160,10688
BRDA:160,11,0,9863
DA:161,9863
DA:163,10688
BRDA:163,12,0,5872
DA:164,5872
DA:171,66643
BRDA:171,13,0,48686
DA:172,48686
DA:174,48686
BRDA:174,14,0,3134
DA:175,3134
DA:176,3134
DA:179,48686
BRDA:179,15,0,40797
BRDA:179,15,1,7889
DA:180,40797
DA:181,40797
DA:183,7889
DA:186,7889
FNF:8
FNH:8
LF:55
LH:55
BRF:18
BRH:11
end_of_record
TN:
SF:src/PoolFactory.sol
DA:138,3006
FN:138,PoolFactory.onlyOperator
FNDA:3006,PoolFactory.onlyOperator
DA:139,3006
BRDA:139,0,0,0
DA:145,83
FN:145,PoolFactory.constructor
FNDA:83,PoolFactory.constructor
DA:156,83
BRDA:156,1,0,0
DA:157,83
BRDA:157,2,0,0
DA:158,83
BRDA:158,3,0,0
DA:159,83
BRDA:159,4,0,0
DA:160,83
DA:161,0
BRDA:161,5,0,-
DA:162,83
DA:163,0
BRDA:163,6,0,-
DA:165,83
DA:166,83
DA:167,83
DA:168,83
DA:169,83
DA:170,83
DA:172,83
DA:173,83
DA:192,86
FN:192,PoolFactory.createPool
FNDA:86,PoolFactory.createPool
DA:199,86
BRDA:199,7,0,0
DA:200,86
BRDA:200,8,0,0
DA:202,86
DA:203,86
BRDA:203,9,0,0
DA:204,1
BRDA:204,10,0,1
DA:205,1
BRDA:205,11,0,1
DA:207,84
DA:218,84
DA:219,84
DA:220,84
DA:221,84
DA:222,84
DA:223,84
DA:225,84
DA:227,84
DA:228,84
DA:235,84
DA:237,84
DA:252,128
FN:252,PoolFactory.getPool
FNDA:128,PoolFactory.getPool
DA:253,128
BRDA:253,12,0,0
DA:254,128
DA:257,0
FN:257,PoolFactory.getAllPools
FNDA:0,PoolFactory.getAllPools
DA:258,0
DA:261,0
FN:261,PoolFactory.poolCount
FNDA:0,PoolFactory.poolCount
DA:262,0
DA:265,0
FN:265,PoolFactory.findPool
FNDA:0,PoolFactory.findPool
DA:270,0
DA:271,0
BRDA:271,13,0,-
DA:272,0
DA:277,0
FN:277,PoolFactory.setOperator
FNDA:0,PoolFactory.setOperator
DA:278,0
BRDA:278,14,0,-
DA:279,0
DA:280,0
DA:283,0
FN:283,PoolFactory.setFeeCollector
FNDA:0,PoolFactory.setFeeCollector
DA:284,0
BRDA:284,15,0,-
DA:285,0
DA:286,0
DA:289,0
FN:289,PoolFactory.setPoolFees
FNDA:0,PoolFactory.setPoolFees
DA:290,0
BRDA:290,16,0,-
DA:291,0
DA:296,1
FN:296,PoolFactory.setPoolDepositsPaused
FNDA:1,PoolFactory.setPoolDepositsPaused
DA:297,1
BRDA:297,17,0,0
DA:298,1
DA:299,1
DA:302,3006
FN:302,PoolFactory.setPoolSwapsPaused
FNDA:3006,PoolFactory.setPoolSwapsPaused
DA:303,3006
BRDA:303,18,0,0
DA:304,3006
DA:305,3006
DA:308,4
FN:308,PoolFactory.setResolvePool
FNDA:4,PoolFactory.setResolvePool
DA:309,4
BRDA:309,19,0,0
DA:310,4
DA:311,4
DA:316,2
FN:316,PoolFactory.resolvePoolAndPause
FNDA:2,PoolFactory.resolvePoolAndPause
DA:317,2
BRDA:317,20,0,0
DA:318,2
DA:319,2
DA:320,2
DA:321,2
DA:326,2
FN:326,PoolFactory.rescuePoolTokens
FNDA:2,PoolFactory.rescuePoolTokens
DA:329,2
BRDA:329,21,0,0
DA:330,2
DA:333,0
FN:333,PoolFactory.rescuePoolERC1155
FNDA:0,PoolFactory.rescuePoolERC1155
DA:336,0
BRDA:336,22,0,-
DA:337,0
DA:340,0
FN:340,PoolFactory.rescuePoolERC20
FNDA:0,PoolFactory.rescuePoolERC20
DA:343,0
BRDA:343,23,0,-
DA:344,0
DA:347,0
FN:347,PoolFactory.rescuePoolETH
FNDA:0,PoolFactory.rescuePoolETH
DA:348,0
BRDA:348,24,0,-
DA:349,0
DA:354,86
FN:354,PoolFactory._poolKey
FNDA:86,PoolFactory._poolKey
DA:355,86
FNF:19
FNH:10
LF:92
LH:62
BRF:25
BRH:2
end_of_record
TN:
SF:src/SwapPool.sol
DA:165,84
FN:165,SwapPool.constructor
FNDA:84,SwapPool.constructor
DA:173,84
BRDA:173,0,0,0
DA:174,84
BRDA:174,1,0,0
DA:175,84
BRDA:175,2,0,0
DA:176,84
BRDA:176,3,0,0
DA:177,84
BRDA:177,4,0,0
DA:179,84
DA:181,84
DA:182,84
DA:183,84
DA:184,84
DA:186,84
DA:187,84
DA:189,84
DA:194,84
FN:194,SwapPool.initialize
FNDA:84,SwapPool.initialize
DA:195,84
BRDA:195,5,0,0
DA:196,0
BRDA:196,6,0,-
DA:197,84
BRDA:197,7,0,0
DA:198,84
DA:199,84
DA:200,84
DA:201,84
DA:204,4006
FN:204,SwapPool.whenInitialized
FNDA:4006,SwapPool.whenInitialized
DA:205,4006
BRDA:205,8,0,0
DA:212,56974
FN:212,SwapPool.marketARate
FNDA:56974,SwapPool.marketARate
DA:213,56974
DA:214,56974
BRDA:214,9,0,233
DA:215,56741
DA:219,49713
FN:219,SwapPool.marketBRate
FNDA:49713,SwapPool.marketBRate
DA:220,49713
DA:221,49713
BRDA:221,10,0,127
DA:222,49586
DA:225,0
FN:225,SwapPool.totalFeeBps
FNDA:0,SwapPool.totalFeeBps
DA:226,0
DA:230,76383
FN:230,SwapPool.physicalBalanceNorm
FNDA:76383,SwapPool.physicalBalanceNorm
DA:231,76383
DA:232,76383
DA:237,29065
FN:237,SwapPool._computeFees
FNDA:29065,SwapPool._computeFees
DA:238,29065
DA:239,29065
BRDA:239,11,0,0
DA:241,29065
DA:242,29065
DA:243,29065
DA:252,47685
FN:252,SwapPool.deposit
FNDA:47685,SwapPool.deposit
DA:258,2
BRDA:258,12,0,2
DA:259,1
BRDA:259,13,0,1
DA:260,47682
BRDA:260,14,0,1
DA:262,47681
DA:263,47681
DA:265,47681
DA:266,47681
DA:268,47681
DA:271,47681
BRDA:271,15,0,0
DA:273,47681
DA:274,47681
DA:276,47681
DA:284,19901
FN:284,SwapPool.swap
FNDA:19901,SwapPool.swap
DA:290,1
BRDA:290,16,0,1
DA:291,19900
BRDA:291,17,0,0
DA:293,19900
DA:295,19900
DA:296,19900
DA:297,19900
DA:300,19900
DA:301,19900
BRDA:301,18,0,1
DA:304,19899
DA:307,19899
DA:308,19899
BRDA:308,19,0,18313
DA:309,18313
DA:310,18313
DA:314,19899
DA:315,19899
BRDA:315,20,0,258
DA:316,19641
DA:319,19641
DA:321,19641
DA:322,19641
DA:336,14572
FN:336,SwapPool.withdrawal
FNDA:14572,SwapPool.withdrawal
DA:342,1
BRDA:342,21,0,1
DA:343,14571
BRDA:343,22,0,1
DA:345,14570
DA:347,14570
DA:348,14570
DA:350,14570
BRDA:350,23,0,9892
BRDA:350,23,1,4677
DA:352,9892
DA:353,9892
BRDA:353,24,0,4488
DA:355,4488
DA:356,4488
DA:360,4678
BRDA:360,25,0,4677
DA:361,4677
DA:365,14570
DA:368,14570
DA:369,14570
DA:370,14570
BRDA:370,26,0,618
DA:373,13952
BRDA:373,27,0,9659
BRDA:373,27,1,0
DA:374,9659
DA:375,9659
DA:377,9659
BRDA:377,28,0,1035
BRDA:377,28,1,8624
DA:380,1035
DA:381,1035
DA:383,8624
DA:386,4293
DA:387,4293
DA:391,13952
DA:394,9659
DA:395,13952
BRDA:395,29,0,13952
DA:398,13952
DA:399,13952
BRDA:399,30,0,8666
DA:400,8666
DA:401,8666
DA:404,13952
DA:405,0
DA:406,13952
DA:420,4006
FN:420,SwapPool.withdrawProRata
FNDA:4006,SwapPool.withdrawProRata
DA:426,4006
BRDA:426,31,0,1
DA:427,4005
BRDA:427,32,0,0
DA:429,4005
DA:431,0
DA:432,4005
DA:435,4005
DA:436,4005
DA:437,4005
DA:440,4005
BRDA:440,33,0,2001
DA:441,4005
DA:444,4005
BRDA:444,34,0,1002
DA:445,1002
DA:446,1002
BRDA:446,35,0,0
DA:450,4005
DA:453,4005
DA:456,4005
DA:457,4005
BRDA:457,36,0,4005
DA:460,4005
DA:461,4005
BRDA:461,37,0,1002
DA:463,4005
DA:464,4005
DA:465,0
DA:466,4005
DA:472,17957
FN:472,SwapPool._flushResidualIfEmpty
FNDA:17957,SwapPool._flushResidualIfEmpty
DA:473,17957
DA:474,17957
DA:475,17957
BRDA:475,38,0,16954
DA:477,1003
DA:478,1003
DA:480,1003
DA:482,1003
DA:485,1003
BRDA:485,39,0,981
DA:486,981
DA:487,981
DA:489,1003
BRDA:489,40,0,0
DA:490,0
DA:491,0
DA:497,1
FN:497,SwapPool.setDepositsPaused
FNDA:1,SwapPool.setDepositsPaused
DA:498,1
BRDA:498,41,0,0
DA:499,1
DA:500,1
DA:503,3006
FN:503,SwapPool.setSwapsPaused
FNDA:3006,SwapPool.setSwapsPaused
DA:504,3006
BRDA:504,42,0,0
DA:505,3006
DA:506,3006
DA:509,4
FN:509,SwapPool.setResolved
FNDA:4,SwapPool.setResolved
DA:510,4
BRDA:510,43,0,0
DA:511,4
DA:512,4
DA:515,2
FN:515,SwapPool.setResolvedAndPaused
FNDA:2,SwapPool.setResolvedAndPaused
DA:516,2
BRDA:516,44,0,0
DA:517,2
DA:518,2
DA:519,2
DA:520,2
DA:521,2
DA:522,2
DA:525,0
FN:525,SwapPool.setFees
FNDA:0,SwapPool.setFees
DA:526,0
BRDA:526,45,0,-
DA:527,0
BRDA:527,46,0,-
DA:528,0
BRDA:528,47,0,-
DA:529,0
DA:530,0
DA:531,0
DA:537,2
FN:537,SwapPool.rescueTokens
FNDA:2,SwapPool.rescueTokens
DA:538,2
BRDA:538,48,0,0
DA:539,2
BRDA:539,49,0,0
DA:541,2
DA:542,2
DA:543,2
DA:545,2
BRDA:545,50,0,0
DA:546,1
DA:547,1
BRDA:547,51,0,0
DA:548,1
DA:549,1
DA:552,0
FN:552,SwapPool.rescueERC1155
FNDA:0,SwapPool.rescueERC1155
DA:553,0
BRDA:553,52,0,-
DA:554,0
BRDA:554,53,0,-
DA:555,0
DA:556,0
DA:557,0
BRDA:557,54,0,-
DA:558,0
DA:559,0
DA:562,0
FN:562,SwapPool.rescueERC20
FNDA:0,SwapPool.rescueERC20
DA:563,0
BRDA:563,55,0,-
DA:564,0
BRDA:564,56,0,-
DA:565,0
DA:566,0
DA:569,0
FN:569,SwapPool.rescueETH
FNDA:0,SwapPool.rescueETH
DA:570,0
BRDA:570,57,0,-
DA:571,0
BRDA:571,58,0,-
DA:572,0
DA:573,0
DA:574,0
BRDA:574,59,0,-
BRDA:574,59,1,-
DA:575,0
DA:583,18575
FN:583,SwapPool._lpToShares
FNDA:18575,SwapPool._lpToShares
DA:584,18575
DA:585,18575
DA:591,9892
FN:591,SwapPool._freshConsumedForBurn
FNDA:9892,SwapPool._freshConsumedForBurn
DA:592,9892
DA:593,9892
DA:594,9892
DA:595,9892
DA:596,9892
DA:597,9892
DA:600,17957
FN:600,SwapPool._burnLp
FNDA:17957,SwapPool._burnLp
DA:601,17957
BRDA:601,60,0,12048
BRDA:601,60,1,0
DA:602,12048
DA:604,5909
DA:608,47681
FN:608,SwapPool._mintLp
FNDA:47681,SwapPool._mintLp
DA:609,47681
BRDA:609,61,0,29809
BRDA:609,61,1,0
DA:610,29809
DA:612,17872
DA:616,47681
FN:616,SwapPool._sideValue
FNDA:47681,SwapPool._sideValue
DA:617,47681
DA:620,72650
FN:620,SwapPool._addSideValue
FNDA:72650,SwapPool._addSideValue
DA:621,72650
BRDA:621,62,0,38880
BRDA:621,62,1,33770
DA:622,38880
DA:624,33770
DA:628,17957
FN:628,SwapPool._subSideValue
FNDA:17957,SwapPool._subSideValue
DA:629,17957
BRDA:629,63,0,12048
BRDA:629,63,1,5909
DA:630,12048
DA:632,5909
DA:636,71237
FN:636,SwapPool._lpToken
FNDA:71237,SwapPool._lpToken
DA:637,71237
DA:640,71237
FN:640,SwapPool._lpTokenId
FNDA:71237,SwapPool._lpTokenId
DA:641,71237
DA:644,143966
FN:644,SwapPool._toNorm
FNDA:143966,SwapPool._toNorm
DA:645,143966
DA:646,143966
BRDA:646,64,0,143865
DA:647,101
DA:650,75712
FN:650,SwapPool._fromNorm
FNDA:75712,SwapPool._fromNorm
DA:651,75712
DA:652,75712
BRDA:652,65,0,75676
DA:653,36
DA:656,67580
FN:656,SwapPool._pullTokens
FNDA:67580,SwapPool._pullTokens
DA:657,67580
DA:660,66561
FN:660,SwapPool._pushTokens
FNDA:66561,SwapPool._pushTokens
DA:661,66561
DA:664,24940
FN:664,SwapPool._oppositeSide
FNDA:24940,SwapPool._oppositeSide
DA:665,24940
DA:668,240490
FN:668,SwapPool._marketContract
FNDA:240490,SwapPool._marketContract
DA:669,240490
DA:672,237503
FN:672,SwapPool._tokenId
FNDA:237503,SwapPool._tokenId
DA:673,237503
FNF:38
FNH:33
LF:258
LH:223
BRF:74
BRH:36
end_of_record
TN:
SF:test/MockERC1155.sol
DA:10,1085
FN:10,MockERC1155.mint
FNDA:1085,MockERC1155.mint
DA:11,1085
DA:14,0
FN:14,MockERC1155.mintBatch
FNDA:0,MockERC1155.mintBatch
DA:15,0
FNF:2
FNH:1
LF:4
LH:2
BRF:0
BRH:0
end_of_record
TN:
SF:test/PredictSwapInvariant.t.sol
DA:36,6
FN:36,SwapPoolHandler.constructor
FNDA:6,SwapPoolHandler.constructor
DA:47,6
DA:48,6
DA:49,6
DA:50,6
DA:51,6
DA:52,6
DA:53,6
DA:54,6
DA:55,6
DA:57,6
DA:58,6
DA:60,6
DA:61,6
DA:62,6
DA:64,6
DA:65,6
DA:68,43806
FN:68,SwapPoolHandler._actor
FNDA:43806,SwapPoolHandler._actor
DA:69,43806
DA:72,38546
FN:72,SwapPoolHandler._trackRates
FNDA:38546,SwapPoolHandler._trackRates
DA:73,38546
DA:74,38546
DA:75,38546
BRDA:75,0,0,7091
DA:76,38546
BRDA:76,1,0,7171
DA:81,10752
FN:81,SwapPoolHandler.depositA
FNDA:10752,SwapPoolHandler.depositA
DA:82,10752
BRDA:82,2,0,0
DA:83,10752
DA:84,10752
DA:86,10752
DA:87,10752
DA:88,10752
DA:89,0
DA:92,5838
FN:92,SwapPoolHandler.depositB
FNDA:5838,SwapPoolHandler.depositB
DA:93,5838
BRDA:93,3,0,0
DA:94,5838
DA:95,5838
DA:97,5838
DA:98,5838
DA:99,5838
DA:100,0
DA:103,5736
FN:103,SwapPoolHandler.swapAtoB
FNDA:5736,SwapPoolHandler.swapAtoB
DA:104,5736
BRDA:104,4,0,0
DA:105,5736
DA:107,5736
DA:108,5736
BRDA:108,5,0,0
DA:110,5736
DA:112,5736
DA:113,5736
BRDA:113,6,0,5736
DA:114,5640
DA:116,0
DA:119,5154
FN:119,SwapPoolHandler.swapBtoA
FNDA:5154,SwapPoolHandler.swapBtoA
DA:120,5154
BRDA:120,7,0,0
DA:121,5154
DA:123,5154
DA:124,5154
BRDA:124,8,0,0
DA:126,5154
DA:128,5154
DA:129,5154
BRDA:129,9,0,5154
DA:130,4992
DA:132,0
DA:135,5364
FN:135,SwapPoolHandler.withdrawSameSideA
FNDA:5364,SwapPoolHandler.withdrawSameSideA
DA:136,5364
BRDA:136,10,0,0
DA:137,5364
DA:138,5364
DA:139,5364
BRDA:139,11,0,1465
DA:141,3899
DA:142,3899
DA:143,3899
BRDA:143,12,0,0
DA:145,3899
DA:146,3899
BRDA:146,13,0,3899
DA:147,3802
DA:149,0
DA:152,5682
FN:152,SwapPoolHandler.withdrawSameSideB
FNDA:5682,SwapPoolHandler.withdrawSameSideB
DA:153,5682
BRDA:153,14,0,0
DA:154,5682
DA:155,5682
DA:156,5682
BRDA:156,15,0,2189
DA:158,3493
DA:159,3493
DA:160,3493
BRDA:160,16,0,0
DA:162,3493
DA:163,3493
BRDA:163,17,0,3493
DA:164,3358
DA:166,0
DA:169,5280
FN:169,SwapPoolHandler.withdrawCrossSide
FNDA:5280,SwapPoolHandler.withdrawCrossSide
DA:170,5280
BRDA:170,18,0,0
DA:171,5280
DA:173,5280
DA:174,5280
DA:175,5280
DA:176,5280
DA:178,2610
DA:179,5280
BRDA:179,19,0,1606
DA:181,3674
DA:182,3674
DA:183,3674
BRDA:183,20,0,0
DA:185,3674
DA:186,3674
BRDA:186,21,0,3674
DA:187,3289
DA:189,0
DA:192,5730
FN:192,SwapPoolHandler.skipTime
FNDA:5730,SwapPoolHandler.skipTime
DA:193,5730
DA:194,5730
FNF:11
FNH:11
LF:103
LH:96
BRF:22
BRH:10
end_of_record
